<?xml version="1.0" encoding="UTF-8"?>
<!-- Generated by org.testng.reporters.JUnitReportReporter -->
<testsuite hostname="DESKTOP-42UT26M" failures="0" tests="1" name="cucumaberOptions.TestNGrunner" time="26.780" errors="0" timestamp="2025-04-01T17:50:19 IST" skipped="0">
  <testcase classname="cucumaberOptions.TestNGrunner" name="runScenario" time="26.780"/>
</testsuite> <!-- cucumaberOptions.TestNGrunner -->
