<?xml version="1.0" encoding="UTF-8"?>
<!-- Generated by org.testng.reporters.JUnitReportReporter -->
<testsuite hostname="DESKTOP-42UT26M" failures="0" tests="1" name="cucumaberOptions.FailedTestNGrunner" time="23.868" errors="0" timestamp="2025-04-01T15:22:17 IST" skipped="0">
  <testcase classname="cucumaberOptions.FailedTestNGrunner" name="runScenario" time="23.868"/>
</testsuite> <!-- cucumaberOptions.FailedTestNGrunner -->
