<?xml version="1.0" encoding="UTF-8"?>
<!-- Generated by org.testng.reporters.JUnitReportReporter -->
<testsuite hostname="DESKTOP-42UT26M" failures="0" tests="1" name="cucumaberOptions.TestNGrunner" time="25.254" errors="0" timestamp="2025-04-20T15:30:15 IST" skipped="0">
  <testcase classname="cucumaberOptions.TestNGrunner" name="runScenario" time="25.254"/>
</testsuite> <!-- cucumaberOptions.TestNGrunner -->
