<?xml version="1.0" encoding="UTF-8"?>
<!-- Generated by org.testng.reporters.JUnitReportReporter -->
<testsuite hostname="DESKTOP-TOBJVKK" failures="0" tests="1" name="cucumaberOptions.TestNGrunner" time="27.220" errors="0" timestamp="2025-04-21T11:37:24 IST" skipped="0">
  <testcase classname="cucumaberOptions.TestNGrunner" name="runScenario" time="27.220"/>
</testsuite> <!-- cucumaberOptions.TestNGrunner -->
